Removed Member From Class: ClassName=M1 Member=J1_M1
Removed Member From Class: ClassName=M2 Member=J1_M2
Removed Member From Class: ClassName=M1 Member=J2_M1
Removed Member From Class: ClassName=M2 Member=J2_M2
Added Component: Designator=F1_M1(Horizontal SMD fuse clip)
Add component. Clean all parameters for all variants
Add component (AddParameter): Name = "ComponentLink1Description"; Value = "http://www.farnell.com/datasheets/1703973.pdf"; VariantName = "[No Variations]"
Add component (AddParameter): Name = "ComponentLink1URL"; Value = "http://www.farnell.com/datasheets/1703973.pdf"; VariantName = "[No Variations]"
Add component (AddParameter): Name = "Description 1"; Value = "KEYSTONE - 3569TR - FUSE CLIP, AUTO BLADE, SMT"; VariantName = "[No Variations]"
Add component (AddParameter): Name = "Manufacturer 1"; Value = "KEYSTONE"; VariantName = "[No Variations]"
Add component (AddParameter): Name = "Manufacturer Part Number"; Value = "3569TR"; VariantName = "[No Variations]"
Add component (AddParameter): Name = "Pricing 1"; Value = "1=0.798, 50=0.672, 100=0.644, 250=0.589, 500=0.566, 1000=0.491, 2500=0.427, 5000=0.413 (USD)"; VariantName = "[No Variations]"
Add component (AddParameter): Name = "RoHS"; Value = "YES"; VariantName = "[No Variations]"
Add component (AddParameter): Name = "Stock 1"; Value = "1000"; VariantName = "[No Variations]"
Add component (AddParameter): Name = "Subassembly"; Value = "Yes"; VariantName = "[No Variations]"
Add component (AddParameter): Name = "Supplier 1"; Value = "Newark"; VariantName = "[No Variations]"
Add component (AddParameter): Name = "Supplier Part Number 1"; Value = "24T5056"; VariantName = "[No Variations]"
Added Component: Designator=F1_M2(Horizontal SMD fuse clip)
Add component. Clean all parameters for all variants
Add component (AddParameter): Name = "ComponentLink1Description"; Value = "http://www.farnell.com/datasheets/1703973.pdf"; VariantName = "[No Variations]"
Add component (AddParameter): Name = "ComponentLink1URL"; Value = "http://www.farnell.com/datasheets/1703973.pdf"; VariantName = "[No Variations]"
Add component (AddParameter): Name = "Description 1"; Value = "KEYSTONE - 3569TR - FUSE CLIP, AUTO BLADE, SMT"; VariantName = "[No Variations]"
Add component (AddParameter): Name = "Manufacturer 1"; Value = "KEYSTONE"; VariantName = "[No Variations]"
Add component (AddParameter): Name = "Manufacturer Part Number"; Value = "3569TR"; VariantName = "[No Variations]"
Add component (AddParameter): Name = "Pricing 1"; Value = "1=0.798, 50=0.672, 100=0.644, 250=0.589, 500=0.566, 1000=0.491, 2500=0.427, 5000=0.413 (USD)"; VariantName = "[No Variations]"
Add component (AddParameter): Name = "RoHS"; Value = "YES"; VariantName = "[No Variations]"
Add component (AddParameter): Name = "Stock 1"; Value = "1000"; VariantName = "[No Variations]"
Add component (AddParameter): Name = "Subassembly"; Value = "Yes"; VariantName = "[No Variations]"
Add component (AddParameter): Name = "Supplier 1"; Value = "Newark"; VariantName = "[No Variations]"
Add component (AddParameter): Name = "Supplier Part Number 1"; Value = "24T5056"; VariantName = "[No Variations]"
Added Component: Designator=P1_M1(HDR1X3)
Add component. Clean all parameters for all variants
Add component (AddParameter): Name = "LatestRevisionDate"; Value = "17-Jul-2002"; VariantName = "[No Variations]"
Add component (AddParameter): Name = "LatestRevisionNote"; Value = "Re-released for DXP Platform."; VariantName = "[No Variations]"
Add component (AddParameter): Name = "Publisher"; Value = "Altium Limited"; VariantName = "[No Variations]"
Added Component: Designator=P1_M2(HDR1X3)
Add component. Clean all parameters for all variants
Add component (AddParameter): Name = "LatestRevisionDate"; Value = "17-Jul-2002"; VariantName = "[No Variations]"
Add component (AddParameter): Name = "LatestRevisionNote"; Value = "Re-released for DXP Platform."; VariantName = "[No Variations]"
Add component (AddParameter): Name = "Publisher"; Value = "Altium Limited"; VariantName = "[No Variations]"
Added Pin To Net: NetName=24V Pin=F1_M1-1
Added Pin To Net: NetName=24V Pin=F1_M1-1
Added Pin To Net: NetName=NetF1_M1_2 Pin=F1_M1-2
Added Pin To Net: NetName=NetF1_M1_2 Pin=F1_M1-2
Added Pin To Net: NetName=24V Pin=F1_M2-1
Added Pin To Net: NetName=24V Pin=F1_M2-1
Added Pin To Net: NetName=NetF1_M2_2 Pin=F1_M2-2
Added Pin To Net: NetName=NetF1_M2_2 Pin=F1_M2-2
Added Pin To Net: NetName=GND Pin=P1_M1-1
Added Pin To Net: NetName=P_ESC Pin=P1_M1-3
Added Pin To Net: NetName=GND Pin=P1_M2-1
Added Pin To Net: NetName=P_ESC Pin=P1_M2-3
Added Member To Class: ClassName=M1 Member=Component F1_M1 (F1) 3569TR
Added Member To Class: ClassName=M2 Member=Component F1_M2 (F1) 3569TR
Added Member To Class: ClassName=M1 Member=Component F1F_M1 (F1F) 3569TR
Added Member To Class: ClassName=M2 Member=Component F1F_M2 (F1F) 3569TR
Added Member To Class: ClassName=M1 Member=Component Jp1F_M1 (Jp1F) Jumper
Added Member To Class: ClassName=M2 Member=Component Jp1F_M2 (Jp1F) Jumper
Added Member To Class: ClassName=M1 Member=Component MC1F_M1 (MC1F) Motor Controller
Added Member To Class: ClassName=M2 Member=Component MC1F_M2 (MC1F) Motor Controller
Added Member To Class: ClassName=M1 Member=Component P1_M1 (P1) Header 3
Added Member To Class: ClassName=M2 Member=Component P1_M2 (P1) Header 3
Change Room Name: Old Name=M_1 New Name=M1
Change Room Name: Old Name=M_2 New Name=M2
