Added Component: Designator=J2_M1(PHOENIX_1935161)
Add component. Clean all parameters for all variants
Add component (AddParameter): Name = "Availability"; Value = "Unavailable"; VariantName = "[No Variations]"
Add component (AddParameter): Name = "MF"; Value = "Phoenix Contact"; VariantName = "[No Variations]"
Add component (AddParameter): Name = "MP"; Value = "1935161"; VariantName = "[No Variations]"
Add component (AddParameter): Name = "Package"; Value = "None"; VariantName = "[No Variations]"
Add component (AddParameter): Name = "Price"; Value = "None"; VariantName = "[No Variations]"
Add component (AddParameter): Name = "SnapEDA_Link"; Value = "https://www.snapeda.com/parts/1935161/Phoenix%20Contact/view-part/?ref=snap"; VariantName = "[No Variations]"
Add component (AddParameter): Name = "Value"; Value = ""; VariantName = "[No Variations]"
Added Component: Designator=J2_M2(PHOENIX_1935161)
Add component. Clean all parameters for all variants
Add component (AddParameter): Name = "Availability"; Value = "Unavailable"; VariantName = "[No Variations]"
Add component (AddParameter): Name = "MF"; Value = "Phoenix Contact"; VariantName = "[No Variations]"
Add component (AddParameter): Name = "MP"; Value = "1935161"; VariantName = "[No Variations]"
Add component (AddParameter): Name = "Package"; Value = "None"; VariantName = "[No Variations]"
Add component (AddParameter): Name = "Price"; Value = "None"; VariantName = "[No Variations]"
Add component (AddParameter): Name = "SnapEDA_Link"; Value = "https://www.snapeda.com/parts/1935161/Phoenix%20Contact/view-part/?ref=snap"; VariantName = "[No Variations]"
Add component (AddParameter): Name = "Value"; Value = ""; VariantName = "[No Variations]"
Added Component: Designator=J2_M3(PHOENIX_1935161)
Add component. Clean all parameters for all variants
Add component (AddParameter): Name = "Availability"; Value = "Unavailable"; VariantName = "[No Variations]"
Add component (AddParameter): Name = "MF"; Value = "Phoenix Contact"; VariantName = "[No Variations]"
Add component (AddParameter): Name = "MP"; Value = "1935161"; VariantName = "[No Variations]"
Add component (AddParameter): Name = "Package"; Value = "None"; VariantName = "[No Variations]"
Add component (AddParameter): Name = "Price"; Value = "None"; VariantName = "[No Variations]"
Add component (AddParameter): Name = "SnapEDA_Link"; Value = "https://www.snapeda.com/parts/1935161/Phoenix%20Contact/view-part/?ref=snap"; VariantName = "[No Variations]"
Add component (AddParameter): Name = "Value"; Value = ""; VariantName = "[No Variations]"
Added Component: Designator=J2_M4(PHOENIX_1935161)
Add component. Clean all parameters for all variants
Add component (AddParameter): Name = "Availability"; Value = "Unavailable"; VariantName = "[No Variations]"
Add component (AddParameter): Name = "MF"; Value = "Phoenix Contact"; VariantName = "[No Variations]"
Add component (AddParameter): Name = "MP"; Value = "1935161"; VariantName = "[No Variations]"
Add component (AddParameter): Name = "Package"; Value = "None"; VariantName = "[No Variations]"
Add component (AddParameter): Name = "Price"; Value = "None"; VariantName = "[No Variations]"
Add component (AddParameter): Name = "SnapEDA_Link"; Value = "https://www.snapeda.com/parts/1935161/Phoenix%20Contact/view-part/?ref=snap"; VariantName = "[No Variations]"
Add component (AddParameter): Name = "Value"; Value = ""; VariantName = "[No Variations]"
Added Component: Designator=J2_M5(PHOENIX_1935161)
Add component. Clean all parameters for all variants
Add component (AddParameter): Name = "Availability"; Value = "Unavailable"; VariantName = "[No Variations]"
Add component (AddParameter): Name = "MF"; Value = "Phoenix Contact"; VariantName = "[No Variations]"
Add component (AddParameter): Name = "MP"; Value = "1935161"; VariantName = "[No Variations]"
Add component (AddParameter): Name = "Package"; Value = "None"; VariantName = "[No Variations]"
Add component (AddParameter): Name = "Price"; Value = "None"; VariantName = "[No Variations]"
Add component (AddParameter): Name = "SnapEDA_Link"; Value = "https://www.snapeda.com/parts/1935161/Phoenix%20Contact/view-part/?ref=snap"; VariantName = "[No Variations]"
Add component (AddParameter): Name = "Value"; Value = ""; VariantName = "[No Variations]"
Added Component: Designator=J2_M6(PHOENIX_1935161)
Add component. Clean all parameters for all variants
Add component (AddParameter): Name = "Availability"; Value = "Unavailable"; VariantName = "[No Variations]"
Add component (AddParameter): Name = "MF"; Value = "Phoenix Contact"; VariantName = "[No Variations]"
Add component (AddParameter): Name = "MP"; Value = "1935161"; VariantName = "[No Variations]"
Add component (AddParameter): Name = "Package"; Value = "None"; VariantName = "[No Variations]"
Add component (AddParameter): Name = "Price"; Value = "None"; VariantName = "[No Variations]"
Add component (AddParameter): Name = "SnapEDA_Link"; Value = "https://www.snapeda.com/parts/1935161/Phoenix%20Contact/view-part/?ref=snap"; VariantName = "[No Variations]"
Add component (AddParameter): Name = "Value"; Value = ""; VariantName = "[No Variations]"
Added Pin To Net: NetName=GND Pin=J2_M1-1
Added Pin To Net: NetName=GND Pin=J2_M1-2
Added Pin To Net: NetName=GND Pin=J2_M2-1
Added Pin To Net: NetName=GND Pin=J2_M2-2
Added Pin To Net: NetName=GND Pin=J2_M3-1
Added Pin To Net: NetName=GND Pin=J2_M3-2
Added Pin To Net: NetName=GND Pin=J2_M4-1
Added Pin To Net: NetName=GND Pin=J2_M4-2
Added Pin To Net: NetName=GND Pin=J2_M5-1
Added Pin To Net: NetName=GND Pin=J2_M5-2
Added Pin To Net: NetName=GND Pin=J2_M6-1
Added Pin To Net: NetName=GND Pin=J2_M6-2
Added Member To Class: ClassName=M1 Member=Component J2_M1 (J2) 1935161
Added Member To Class: ClassName=M2 Member=Component J2_M2 (J2) 1935161
Added Member To Class: ClassName=M3 Member=Component J2_M3 (J2) 1935161
Added Member To Class: ClassName=M4 Member=Component J2_M4 (J2) 1935161
Added Member To Class: ClassName=M5 Member=Component J2_M5 (J2) 1935161
Added Member To Class: ClassName=M6 Member=Component J2_M6 (J2) 1935161
