Removed Pin From Net: NetName=NetF1F_M1_2 Pin=P2_M1-1
Removed Pin From Net: NetName=NetF1F_M1_2 Pin=P2_M1-2
Removed Pin From Net: NetName=NetF1F_M2_2 Pin=P2_M2-1
Removed Pin From Net: NetName=NetF1F_M2_2 Pin=P2_M2-2
Removed Pin From Net: NetName=NetF1F_M3_2 Pin=P2_M3-1
Removed Pin From Net: NetName=NetF1F_M3_2 Pin=P2_M3-2
Removed Pin From Net: NetName=NetF1F_M4_2 Pin=P2_M4-1
Removed Pin From Net: NetName=NetF1F_M4_2 Pin=P2_M4-2
Removed Pin From Net: NetName=NetF1F_M5_2 Pin=P2_M5-1
Removed Pin From Net: NetName=NetF1F_M5_2 Pin=P2_M5-2
Removed Pin From Net: NetName=NetF1F_M6_2 Pin=P2_M6-1
Removed Pin From Net: NetName=NetF1F_M6_2 Pin=P2_M6-2
Removed Pin From Net: NetName=GND Pin=P3_M1-1
Removed Pin From Net: NetName=GND Pin=P3_M1-2
Removed Pin From Net: NetName=GND Pin=P3_M2-1
Removed Pin From Net: NetName=GND Pin=P3_M2-2
Removed Pin From Net: NetName=GND Pin=P3_M3-1
Removed Pin From Net: NetName=GND Pin=P3_M3-2
Removed Pin From Net: NetName=GND Pin=P3_M4-1
Removed Pin From Net: NetName=GND Pin=P3_M4-2
Removed Pin From Net: NetName=GND Pin=P3_M5-1
Removed Pin From Net: NetName=GND Pin=P3_M5-2
Removed Pin From Net: NetName=GND Pin=P3_M6-1
Removed Pin From Net: NetName=GND Pin=P3_M6-2
Removed Member From Class: ClassName=M1 Member=P2_M1
Removed Member From Class: ClassName=M2 Member=P2_M2
Removed Member From Class: ClassName=M3 Member=P2_M3
Removed Member From Class: ClassName=M4 Member=P2_M4
Removed Member From Class: ClassName=M5 Member=P2_M5
Removed Member From Class: ClassName=M1 Member=P3_M1
Removed Member From Class: ClassName=M2 Member=P3_M2
Removed Member From Class: ClassName=M3 Member=P3_M3
Removed Member From Class: ClassName=M4 Member=P3_M4
Removed Member From Class: ClassName=M5 Member=P3_M5
Removed Member From Class: ClassName=M6 Member=P3_M6
Change Component Designator: OldDesignator=2 NewDesignator=P1_M6
Added Member To Class: ClassName=M5 Member=Component Jp1F_M5 (Jp1F) Jumper
Added Member To Class: ClassName=M5 Member=Component MC1F_M5 (MC1F) Motor Controller
Added Member To Class: ClassName=M6 Member=Component MC1F_M6 (MC1F) Motor Controller
